<?xml version="1.0" encoding="UTF-8"?>
<!-- Generated by org.testng.reporters.JUnitReportReporter -->
<testsuite hostname="DESKTOP-BN58NSU" failures="0" tests="1" name="demopopupblock.demo" time="86.399" errors="0" timestamp="8 Nov 2022 18:04:47 GMT">
  <testcase classname="demopopupblock.demo" name="test1" time="86.399"/>
</testsuite> <!-- demopopupblock.demo -->
