<?xml version="1.0" encoding="UTF-8"?>
<!-- Generated by org.testng.reporters.JUnitReportReporter -->
<testsuite hostname="DESKTOP-BN58NSU" failures="0" tests="1" name="casetestng.casestudy" time="249.146" errors="0" timestamp="12 Nov 2022 07:24:17 GMT">
  <testcase classname="casetestng.casestudy" name="test" time="249.146"/>
</testsuite> <!-- casetestng.casestudy -->
