<?xml version="1.0" encoding="UTF-8"?>
<!-- Generated by org.testng.reporters.JUnitReportReporter -->
<testsuite hostname="DESKTOP-BN58NSU" failures="0" tests="2" name="Runner.test_runner56" time="0.570" errors="2" timestamp="17 Dec 2022 17:05:51 GMT">
  <testcase classname="Runner.test_runner56" name="runScenario" time="0.556">
    <error message="Cannot invoke &quot;org.openqa.selenium.WebDriver.findElement(org.openqa.selenium.By)&quot; because &quot;this.driver1&quot; is null" type="java.lang.NullPointerException">
      <![CDATA[java.lang.NullPointerException: Cannot invoke "org.openqa.selenium.WebDriver.findElement(org.openqa.selenium.By)" because "this.driver1" is null
	at definition90.def34.enter_username(def34.java:31)
	at ✽.Enter Username "user"(file:///H:/spring-selenium-workspace/Cucumberpractice%20TestNG/src/test/resources/login123/demo.feature:8)
]]>
    </error>
  </testcase> <!-- runScenario -->
  <testcase classname="Runner.test_runner56" name="runScenario" time="0.014">
    <error message="Cannot invoke &quot;org.openqa.selenium.WebDriver.findElement(org.openqa.selenium.By)&quot; because &quot;this.driver1&quot; is null" type="java.lang.NullPointerException">
      <![CDATA[java.lang.NullPointerException: Cannot invoke "org.openqa.selenium.WebDriver.findElement(org.openqa.selenium.By)" because "this.driver1" is null
	at definition90.def34.enter_username(def34.java:31)
	at ✽.Enter Username "admin"(file:///H:/spring-selenium-workspace/Cucumberpractice%20TestNG/src/test/resources/login123/demo.feature:8)
]]>
    </error>
  </testcase> <!-- runScenario -->
</testsuite> <!-- Runner.test_runner56 -->
