<?xml version="1.0" encoding="UTF-8"?>
<!-- Generated by org.testng.reporters.JUnitReportReporter -->
<testsuite hostname="DESKTOP-BN58NSU" failures="0" tests="1" name="CapabilitiesPack.test_case" time="469.622" errors="0" timestamp="2022-12-10T17:58:59 IST" skipped="0">
  <testcase classname="CapabilitiesPack.test_case" name="tc1" time="469.622"/>
  <system-out/>
</testsuite> <!-- CapabilitiesPack.test_case -->
