<?xml version="1.0" encoding="UTF-8"?>
<!-- Generated by org.testng.reporters.JUnitReportReporter -->
<testsuite hostname="DESKTOP-BN58NSU" failures="0" tests="1" name="demo12.capabilities1" time="102.398" errors="0" timestamp="2022-11-30T15:23:46 IST" skipped="0">
  <testcase classname="demo12.capabilities1" name="test1" time="102.398"/>
  <system-out/>
</testsuite> <!-- demo12.capabilities1 -->
