<?xml version="1.0" encoding="UTF-8"?>
<!-- Generated by org.testng.reporters.JUnitReportReporter -->
<testsuite hostname="DESKTOP-BN58NSU" failures="0" tests="2" name="Hybrid_app.task1" time="65.654" errors="0" timestamp="2022-12-07T19:02:31 IST" skipped="1">
  <testcase classname="Hybrid_app.task1" name="positive" time="65.654"/>
  <system-out/>
  <testcase classname="Hybrid_app.task1" name="positiveTesting">
    <skipped/>
  </testcase> <!-- positiveTesting -->
  <system-out/>
</testsuite> <!-- Hybrid_app.task1 -->
