<?xml version="1.0" encoding="UTF-8"?>
<!-- Generated by org.testng.reporters.JUnitReportReporter -->
<testsuite hostname="DESKTOP-BN58NSU" failures="0" tests="3" name="Native_app.demo_nativeapp_opertions" time="26.774" errors="0" timestamp="2022-12-07T10:13:27 IST" skipped="2">
  <testcase classname="Native_app.demo_nativeapp_opertions" name="notification" time="26.774"/>
  <system-out/>
  <testcase classname="Native_app.demo_nativeapp_opertions" name="swap_Drapanddropaction">
    <skipped/>
  </testcase> <!-- swap_Drapanddropaction -->
  <system-out/>
  <testcase classname="Native_app.demo_nativeapp_opertions" name="keyboardactions">
    <skipped/>
  </testcase> <!-- keyboardactions -->
  <system-out/>
</testsuite> <!-- Native_app.demo_nativeapp_opertions -->
