<?xml version="1.0" encoding="UTF-8"?>
<!-- Generated by org.testng.reporters.JUnitReportReporter -->
<testsuite hostname="DESKTOP-BN58NSU" failures="0" tests="1" name="Native_app.demo_native_app" time="31.752" errors="0" timestamp="2022-12-02T15:46:45 IST" skipped="0">
  <testcase classname="Native_app.demo_native_app" name="testcase1" time="31.752"/>
  <system-out/>
</testsuite> <!-- Native_app.demo_native_app -->
