<?xml version="1.0" encoding="UTF-8"?>
<!-- Generated by org.testng.reporters.JUnitReportReporter -->
<testsuite hostname="DESKTOP-BN58NSU" failures="0" tests="2" name="Hybrid_app.demo_Hydrid" time="106.700" errors="0" timestamp="2022-12-16T18:51:10 IST" skipped="1">
  <testcase classname="Hybrid_app.demo_Hydrid" name="positiveTesting" time="106.700"/>
  <system-out/>
  <testcase classname="Hybrid_app.demo_Hydrid" name="test1">
    <skipped/>
  </testcase> <!-- test1 -->
  <system-out/>
</testsuite> <!-- Hybrid_app.demo_Hydrid -->
