<?xml version="1.0" encoding="UTF-8"?>
<!-- Generated by org.testng.reporters.JUnitReportReporter -->
<testsuite hostname="DESKTOP-BN58NSU" failures="0" tests="5" name="Hybrid_app.task" time="204.582" errors="0" timestamp="2022-12-12T18:33:38 IST" skipped="0">
  <testcase classname="Hybrid_app.task" name="Signin" time="48.188"/>
  <system-out/>
  <testcase classname="Hybrid_app.task" name="selectLanguage" time="39.668"/>
  <system-out/>
  <testcase classname="Hybrid_app.task" name="explore1" time="31.907"/>
  <system-out/>
  <testcase classname="Hybrid_app.task" name="Addbookmarks" time="53.827"/>
  <system-out/>
  <testcase classname="Hybrid_app.task" name="deletebookmark" time="30.992"/>
  <system-out/>
</testsuite> <!-- Hybrid_app.task -->
