<?xml version="1.0" encoding="UTF-8"?>
<!-- Generated by org.testng.reporters.JUnitReportReporter -->
<testsuite hostname="DESKTOP-BN58NSU" failures="0" tests="2" name="casetestng.ctestng" time="189.898" errors="0" timestamp="8 Nov 2022 17:42:45 GMT">
  <testcase classname="casetestng.ctestng" name="test" time="27.687"/>
  <testcase classname="casetestng.ctestng" name="test2" time="162.211"/>
</testsuite> <!-- casetestng.ctestng -->
