<?xml version="1.0" encoding="UTF-8"?>
<!-- Generated by org.testng.reporters.JUnitReportReporter -->
<testsuite hostname="DESKTOP-BN58NSU" failures="0" tests="1" name="casetestng.casestudy" time="214.493" errors="0" timestamp="12 Nov 2022 07:31:38 GMT">
  <testcase classname="casetestng.casestudy" name="test" time="214.493"/>
</testsuite> <!-- casetestng.casestudy -->
